<?xml version="1.0" encoding="UTF-8"?>
<testsuite name="com.book.webservice.web.HelloControllerTest" tests="2" skipped="0" failures="0" errors="0" timestamp="2021-05-30T10:14:33" hostname="pakjungmin-900X5L" time="0.037">
  <properties/>
  <testcase name="hello가_리턴된다" classname="com.book.webservice.web.HelloControllerTest" time="0.012"/>
  <testcase name="helloDto가_리턴된다" classname="com.book.webservice.web.HelloControllerTest" time="0.024"/>
  <system-out><![CDATA[2021-05-30 19:14:32.402  INFO 7972 --- [    Test worker] .b.t.a.w.s.WebMvcTestContextBootstrapper : Neither @ContextConfiguration nor @ContextHierarchy found for test class [com.book.webservice.web.HelloControllerTest], using SpringBootContextLoader
2021-05-30 19:14:32.403  INFO 7972 --- [    Test worker] o.s.t.c.support.AbstractContextLoader    : Could not detect default resource locations for test class [com.book.webservice.web.HelloControllerTest]: no resource found for suffixes {-context.xml, Context.groovy}.
2021-05-30 19:14:32.403  INFO 7972 --- [    Test worker] t.c.s.AnnotationConfigContextLoaderUtils : Could not detect default configuration classes for test class [com.book.webservice.web.HelloControllerTest]: HelloControllerTest does not declare any static, non-private, non-final, nested classes annotated with @Configuration.
2021-05-30 19:14:32.433  INFO 7972 --- [    Test worker] .b.t.c.SpringBootTestContextBootstrapper : Found @SpringBootConfiguration com.book.webservice.Application for test class com.book.webservice.web.HelloControllerTest
2021-05-30 19:14:32.434  INFO 7972 --- [    Test worker] .b.t.a.w.s.WebMvcTestContextBootstrapper : Loaded default TestExecutionListener class names from location [META-INF/spring.factories]: [org.springframework.security.test.context.support.WithSecurityContextTestExecutionListener, org.springframework.security.test.context.support.ReactorContextTestExecutionListener, org.springframework.boot.test.autoconfigure.restdocs.RestDocsTestExecutionListener, org.springframework.boot.test.autoconfigure.web.client.MockRestServiceServerResetTestExecutionListener, org.springframework.boot.test.autoconfigure.web.servlet.MockMvcPrintOnlyOnFailureTestExecutionListener, org.springframework.boot.test.autoconfigure.web.servlet.WebDriverTestExecutionListener, org.springframework.boot.test.mock.mockito.MockitoTestExecutionListener, org.springframework.boot.test.mock.mockito.ResetMocksTestExecutionListener, org.springframework.test.context.web.ServletTestExecutionListener, org.springframework.test.context.support.DirtiesContextBeforeModesTestExecutionListener, org.springframework.test.context.support.DependencyInjectionTestExecutionListener, org.springframework.test.context.support.DirtiesContextTestExecutionListener, org.springframework.test.context.transaction.TransactionalTestExecutionListener, org.springframework.test.context.jdbc.SqlScriptsTestExecutionListener]
2021-05-30 19:14:32.438  INFO 7972 --- [    Test worker] .b.t.a.w.s.WebMvcTestContextBootstrapper : Using TestExecutionListeners: [org.springframework.test.context.web.ServletTestExecutionListener@2eaf7353, org.springframework.test.context.support.DirtiesContextBeforeModesTestExecutionListener@3cac82d4, org.springframework.boot.test.mock.mockito.MockitoTestExecutionListener@6f2433be, org.springframework.boot.test.autoconfigure.SpringBootDependencyInjectionTestExecutionListener@79ae9d6e, org.springframework.test.context.support.DirtiesContextTestExecutionListener@2cce4ce3, org.springframework.test.context.transaction.TransactionalTestExecutionListener@74acd18c, org.springframework.test.context.jdbc.SqlScriptsTestExecutionListener@3a5bb564, org.springframework.security.test.context.support.WithSecurityContextTestExecutionListener@37130aac, org.springframework.security.test.context.support.ReactorContextTestExecutionListener@69e4e1f9, org.springframework.boot.test.autoconfigure.restdocs.RestDocsTestExecutionListener@7b566df8, org.springframework.boot.test.autoconfigure.web.client.MockRestServiceServerResetTestExecutionListener@1cc10763, org.springframework.boot.test.autoconfigure.web.servlet.MockMvcPrintOnlyOnFailureTestExecutionListener@33a8283d, org.springframework.boot.test.autoconfigure.web.servlet.WebDriverTestExecutionListener@7d8dec98, org.springframework.boot.test.mock.mockito.ResetMocksTestExecutionListener@357c677c]

  .   ____          _            __ _ _
 /\\ / ___'_ __ _ _(_)_ __  __ _ \ \ \ \
( ( )\___ | '_ | '_| | '_ \/ _` | \ \ \ \
 \\/  ___)| |_)| | | | | || (_| |  ) ) ) )
  '  |____| .__|_| |_|_| |_\__, | / / / /
 =========|_|==============|___/=/_/_/_/
 :: Spring Boot ::        (v2.1.7.RELEASE)

2021-05-30 19:14:32.483  INFO 7972 --- [    Test worker] c.b.webservice.web.HelloControllerTest   : Starting HelloControllerTest on pakjungmin-900X5L with PID 7972 (started by pakjungmin in /home/pakjungmin/Desktop/web_service)
2021-05-30 19:14:32.483  INFO 7972 --- [    Test worker] c.b.webservice.web.HelloControllerTest   : The following profiles are active: oauth
2021-05-30 19:14:32.826  INFO 7972 --- [    Test worker] o.s.s.concurrent.ThreadPoolTaskExecutor  : Initializing ExecutorService 'applicationTaskExecutor'
2021-05-30 19:14:32.848  INFO 7972 --- [    Test worker] o.s.b.a.w.s.WelcomePageHandlerMapping    : Adding welcome page template: index
2021-05-30 19:14:32.971  INFO 7972 --- [    Test worker] .s.s.UserDetailsServiceAutoConfiguration : 

Using generated security password: c8cacd55-5c30-4015-affb-e7dc152a0be9

2021-05-30 19:14:33.053  INFO 7972 --- [    Test worker] o.s.s.web.DefaultSecurityFilterChain     : Creating filter chain: any request, [org.springframework.security.web.context.request.async.WebAsyncManagerIntegrationFilter@1b652b7c, org.springframework.security.web.context.SecurityContextPersistenceFilter@34f56d8, org.springframework.security.web.header.HeaderWriterFilter@1010e1eb, org.springframework.security.web.csrf.CsrfFilter@38bbe4f6, org.springframework.security.web.authentication.logout.LogoutFilter@1574d6e0, org.springframework.security.web.authentication.UsernamePasswordAuthenticationFilter@68df3ba3, org.springframework.security.web.authentication.ui.DefaultLoginPageGeneratingFilter@35f7d376, org.springframework.security.web.authentication.ui.DefaultLogoutPageGeneratingFilter@61d2304a, org.springframework.security.web.authentication.www.BasicAuthenticationFilter@a53870, org.springframework.security.web.savedrequest.RequestCacheAwareFilter@ce025ed, org.springframework.security.web.servletapi.SecurityContextHolderAwareRequestFilter@1b688223, org.springframework.security.web.authentication.AnonymousAuthenticationFilter@489df2b8, org.springframework.security.web.session.SessionManagementFilter@776b2b4b, org.springframework.security.web.access.ExceptionTranslationFilter@4af8bb1f, org.springframework.security.web.access.intercept.FilterSecurityInterceptor@3f440d74]
2021-05-30 19:14:33.061  INFO 7972 --- [    Test worker] o.s.b.t.m.w.SpringBootMockServletContext : Initializing Spring TestDispatcherServlet ''
2021-05-30 19:14:33.061  INFO 7972 --- [    Test worker] o.s.t.web.servlet.TestDispatcherServlet  : Initializing Servlet ''
2021-05-30 19:14:33.068  INFO 7972 --- [    Test worker] o.s.t.web.servlet.TestDispatcherServlet  : Completed initialization in 7 ms
2021-05-30 19:14:33.085  INFO 7972 --- [    Test worker] c.b.webservice.web.HelloControllerTest   : Started HelloControllerTest in 0.644 seconds (JVM running for 9.794)
]]></system-out>
  <system-err><![CDATA[]]></system-err>
</testsuite>
