<?xml version="1.0" encoding="UTF-8"?>
<testsuite name="com.book.webservice.web.dto.HelloResponseDtoTest" tests="1" skipped="0" failures="0" errors="0" timestamp="2021-05-30T10:14:32" hostname="pakjungmin-900X5L" time="0.003">
  <properties/>
  <testcase name="롬복_기능_테스트" classname="com.book.webservice.web.dto.HelloResponseDtoTest" time="0.003"/>
  <system-out><![CDATA[]]></system-out>
  <system-err><![CDATA[]]></system-err>
</testsuite>
